<?xml version="1.0" encoding="UTF-8"?>
<!-- Generated by org.testng.reporters.JUnitReportReporter -->
<testsuite hostname="DESKTOP-1SPCNEB" failures="0" tests="1" name="com.rps.testLayer.LoginPage" time="6.758" errors="0" timestamp="2024-01-19T01:31:01 IST" skipped="0">
  <testcase classname="com.rps.testLayer.LoginPage" name="LoginTest" time="6.758"/>
  <system-out/>
</testsuite> <!-- com.rps.testLayer.LoginPage -->
